2023/10/31 16:27:24 Server listening at [::]:10000
2023/10/31 16:27:29 User: ClientA connected at time: 2
2023/10/31 16:27:29 Sending welcome message to client ClientA at time: 3
2023/10/31 16:27:31 User: ClientB connected at time: 4
2023/10/31 16:27:31 Sending message to client ClientA at time 5
2023/10/31 16:27:31 Sending welcome message to client ClientB at time: 6
2023/10/31 16:27:34 User: ClientC connected at time: 7
2023/10/31 16:27:34 Sending message to client ClientA at time 8
2023/10/31 16:27:34 Sending message to client ClientB at time 9
2023/10/31 16:27:34 Sending welcome message to client ClientC at time: 10
2023/10/31 16:27:37 User: ClientA said: lo at time: 11
2023/10/31 16:27:37 Sending message to client ClientA at time 12
2023/10/31 16:27:37 Sending message to client ClientB at time 13
2023/10/31 16:27:37 Sending message to client ClientC at time 14
2023/10/31 16:27:42 User: ClientC disconnected at time: 17
2023/10/31 16:27:42 Sending message to client ClientA at time 18
2023/10/31 16:27:42 Sending message to client ClientB at time 19
2023/10/31 16:27:42 Sending message to client ClientC at time 20
2023/10/31 16:27:42 Sending goodbye message to client ClientC at time: 21
2023/10/31 16:27:45 User: ClientB disconnected at time: 23
2023/10/31 16:27:45 Sending message to client ClientA at time 24
2023/10/31 16:27:45 Sending message to client ClientB at time 25
2023/10/31 16:27:45 Sending goodbye message to client ClientB at time: 26
2023/10/31 16:27:47 User: ClientA disconnected at time: 28
2023/10/31 16:27:47 Sending message to client ClientA at time 29
2023/10/31 16:27:47 Sending goodbye message to client ClientA at time: 30
2023/10/31 16:27:50 Server shutting down ...
